[28-Aug-2025 21:37:22 America/New_York] Database connection failed: SQLSTATE[HY000] [2002] No such file or directory
[01-Sep-2025 19:28:03 America/New_York] PHP Warning:  session_start(): Session cannot be started after headers have already been sent in C:\Users\Admin\Desktop\Ngestech-main\includes\config.php on line 64
[01-Sep-2025 19:28:03 America/New_York] PHP Stack trace:
[01-Sep-2025 19:28:03 America/New_York] PHP   1. {main}() C:\Users\Admin\Desktop\Ngestech-main\test_login.php:0
[01-Sep-2025 19:28:03 America/New_York] PHP   2. require_once() C:\Users\Admin\Desktop\Ngestech-main\test_login.php:22
[01-Sep-2025 19:28:03 America/New_York] PHP   3. session_start() C:\Users\Admin\Desktop\Ngestech-main\includes\config.php:64
[01-Sep-2025 19:28:07 America/New_York] Database connection failed: SQLSTATE[HY000] [2002] No connection could be made because the target machine actively refused it
[05-Sep-2025 15:00:36 America/New_York] Database query failed: SQLSTATE[42S22]: Column not found: 1054 Unknown column 'c.product_id' in 'on clause'
[05-Sep-2025 15:00:36 America/New_York] PHP Fatal error:  Uncaught Exception: Database query failed in C:\Users\Admin\Desktop\New folder (2)\powerwave\includes\database.php:43
Stack trace:
#0 C:\Users\Admin\Desktop\New folder (2)\powerwave\includes\database.php(48): Database->query('SELECT c.*, p.n...', Array)
#1 C:\Users\Admin\Desktop\New folder (2)\powerwave\includes\functions.php(237): Database->fetchAll('SELECT c.*, p.n...', Array)
#2 C:\Users\Admin\Desktop\New folder (2)\powerwave\includes\functions.php(260): getCartItems(3)
#3 C:\Users\Admin\Desktop\New folder (2)\powerwave\index.php(80): getCartTotal(3)
#4 {main}
  thrown in C:\Users\Admin\Desktop\New folder (2)\powerwave\includes\database.php on line 43
[05-Sep-2025 15:01:56 America/New_York] Database query failed: SQLSTATE[42S22]: Column not found: 1054 Unknown column 'c.product_id' in 'on clause'
[05-Sep-2025 15:01:56 America/New_York] PHP Fatal error:  Uncaught Exception: Database query failed in C:\Users\Admin\Desktop\New folder (2)\powerwave\includes\database.php:43
Stack trace:
#0 C:\Users\Admin\Desktop\New folder (2)\powerwave\includes\database.php(48): Database->query('SELECT c.*, p.n...', Array)
#1 C:\Users\Admin\Desktop\New folder (2)\powerwave\includes\functions.php(237): Database->fetchAll('SELECT c.*, p.n...', Array)
#2 C:\Users\Admin\Desktop\New folder (2)\powerwave\includes\functions.php(260): getCartItems(3)
#3 C:\Users\Admin\Desktop\New folder (2)\powerwave\index.php(80): getCartTotal(3)
#4 {main}
  thrown in C:\Users\Admin\Desktop\New folder (2)\powerwave\includes\database.php on line 43
[05-Sep-2025 15:20:54 America/New_York] PHP Warning:  Trying to access array offset on value of type bool in C:\Users\Admin\Desktop\New folder (2)\powerwave\index.php on line 45
[05-Sep-2025 15:20:54 America/New_York] PHP Deprecated:  trim(): Passing null to parameter #1 ($string) of type string is deprecated in C:\Users\Admin\Desktop\New folder (2)\powerwave\includes\functions.php on line 7
[05-Sep-2025 15:25:51 America/New_York] PHP Warning:  Constant PAYPAL_CLIENT_ID already defined in C:\Users\Admin\Desktop\New folder (2)\powerwave\includes\paypal_config.php on line 20
[05-Sep-2025 15:25:51 America/New_York] PHP Fatal error:  Uncaught Error: Call to undefined function getPayPalSDKUrl() in C:\Users\Admin\Desktop\New folder (2)\powerwave\checkout.php:161
Stack trace:
#0 {main}
  thrown in C:\Users\Admin\Desktop\New folder (2)\powerwave\checkout.php on line 161
[05-Sep-2025 15:28:24 America/New_York] PHP Warning:  Constant PAYPAL_CLIENT_ID already defined in C:\Users\Admin\Desktop\New folder (2)\powerwave\includes\paypal_config.php on line 20
[05-Sep-2025 15:28:26 America/New_York] PayPal access token error: 
[05-Sep-2025 15:28:26 America/New_York] Database query failed: SQLSTATE[HY093]: Invalid parameter number: mixed named and positional parameters
[05-Sep-2025 15:28:26 America/New_York] PHP Fatal error:  Uncaught PDOException: There is no active transaction in C:\Users\Admin\Desktop\New folder (2)\powerwave\includes\database.php:100
Stack trace:
#0 C:\Users\Admin\Desktop\New folder (2)\powerwave\includes\database.php(100): PDO->rollBack()
#1 C:\Users\Admin\Desktop\New folder (2)\powerwave\place_order.php(124): Database->rollback()
#2 {main}
  thrown in C:\Users\Admin\Desktop\New folder (2)\powerwave\includes\database.php on line 100
[05-Sep-2025 15:29:31 America/New_York] PHP Warning:  Constant PAYPAL_CLIENT_ID already defined in C:\Users\Admin\Desktop\New folder (2)\powerwave\includes\paypal_config.php on line 20
[05-Sep-2025 16:00:06 America/New_York] Database query failed: SQLSTATE[HY093]: Invalid parameter number: mixed named and positional parameters
[05-Sep-2025 16:00:22 America/New_York] Database query failed: SQLSTATE[HY093]: Invalid parameter number: mixed named and positional parameters
[05-Sep-2025 16:01:53 America/New_York] Database query failed: SQLSTATE[HY093]: Invalid parameter number: mixed named and positional parameters
[05-Sep-2025 16:01:53 America/New_York] PHP Fatal error:  Uncaught Exception: Database query failed in C:\Users\Admin\Desktop\New folder (2)\powerwave\includes\database.php:43
Stack trace:
#0 C:\Users\Admin\Desktop\New folder (2)\powerwave\includes\database.php(81): Database->query('UPDATE cart SET...', Array)
#1 C:\Users\Admin\Desktop\New folder (2)\powerwave\cart.php(24): Database->update('cart', Array, 'id = ?', Array)
#2 {main}
  thrown in C:\Users\Admin\Desktop\New folder (2)\powerwave\includes\database.php on line 43
[05-Sep-2025 16:02:22 America/New_York] PHP Warning:  Constant PAYPAL_CLIENT_ID already defined in C:\Users\Admin\Desktop\New folder (2)\powerwave\includes\paypal_config.php on line 20
[05-Sep-2025 16:02:22 America/New_York] PHP Fatal error:  Uncaught Error: Call to undefined function getPayPalSDKUrl() in C:\Users\Admin\Desktop\New folder (2)\powerwave\checkout.php:161
Stack trace:
#0 {main}
  thrown in C:\Users\Admin\Desktop\New folder (2)\powerwave\checkout.php on line 161
[05-Sep-2025 16:03:01 America/New_York] PHP Warning:  Constant PAYPAL_CLIENT_ID already defined in C:\Users\Admin\Desktop\New folder (2)\powerwave\includes\paypal_config.php on line 20
[05-Sep-2025 16:03:01 America/New_York] PayPal access token error: 
[05-Sep-2025 16:03:01 America/New_York] Database query failed: SQLSTATE[HY093]: Invalid parameter number: mixed named and positional parameters
[05-Sep-2025 16:03:01 America/New_York] PHP Fatal error:  Uncaught PDOException: There is no active transaction in C:\Users\Admin\Desktop\New folder (2)\powerwave\includes\database.php:100
Stack trace:
#0 C:\Users\Admin\Desktop\New folder (2)\powerwave\includes\database.php(100): PDO->rollBack()
#1 C:\Users\Admin\Desktop\New folder (2)\powerwave\place_order.php(124): Database->rollback()
#2 {main}
  thrown in C:\Users\Admin\Desktop\New folder (2)\powerwave\includes\database.php on line 100
[05-Sep-2025 16:03:30 America/New_York] PHP Warning:  Constant PAYPAL_CLIENT_ID already defined in C:\Users\Admin\Desktop\New folder (2)\powerwave\includes\paypal_config.php on line 20
[05-Sep-2025 19:18:08 America/New_York] Add to cart error: You can only add 2 more of this item (stock limit)
[05-Sep-2025 19:23:03 America/New_York] PHP Fatal error:  Cannot redeclare getPayPalSDKUrl() (previously declared in C:\Users\Admin\Desktop\New folder (2)\powerwave\includes\paypal_config.php:59) in C:\Users\Admin\Desktop\New folder (2)\powerwave\includes\PayPalService.php on line 256
